<?xml version="1.0" encoding="UTF-8"?>
<!-- Generated by org.testng.reporters.JUnitReportReporter -->
<testsuite skipped="0" hostname="vicky-PC" name="homeAssignment.LocatorsExample" tests="1" failures="0" timestamp="2020-04-23T12:39:28 IST" time="10.882" errors="0">
  <testcase name="locators" time="10.882" classname="homeAssignment.LocatorsExample"/>
  <system-out/>
</testsuite> <!-- homeAssignment.LocatorsExample -->
