<?xml version="1.0" encoding="UTF-8"?>
<!-- Generated by org.testng.reporters.JUnitReportReporter -->
<testsuite skipped="0" hostname="vicky-PC" name="homeAssignment.BrokenLinks" tests="1" failures="0" timestamp="2020-05-13T18:13:37 IST" time="56.391" errors="0">
  <testcase name="testTheBrokenLinks" time="56.391" classname="homeAssignment.BrokenLinks"/>
  <system-out/>
</testsuite> <!-- homeAssignment.BrokenLinks -->
