<?xml version="1.0" encoding="UTF-8"?>
<!-- Generated by org.testng.reporters.JUnitReportReporter -->
<testsuite skipped="0" hostname="vicky-PC" name="properties.FBTestData" tests="1" failures="0" timestamp="2020-05-05T09:36:53 IST" time="13.574" errors="0">
  <testcase name="getDataFromProp" time="13.574" classname="properties.FBTestData"/>
  <system-out/>
</testsuite> <!-- properties.FBTestData -->
