<?xml version="1.0" encoding="UTF-8"?>
<!-- Generated by org.testng.reporters.JUnitReportReporter -->
<testsuite skipped="0" hostname="vicky-PC" name="homeAssignment.SynchronizationExample" tests="1" failures="0" timestamp="2020-04-23T11:43:31 IST" time="46.690" errors="0">
  <testcase name="waitConditions" time="46.690" classname="homeAssignment.SynchronizationExample"/>
  <system-out/>
</testsuite> <!-- homeAssignment.SynchronizationExample -->
