<?xml version="1.0" encoding="UTF-8"?>
<!-- Generated by org.testng.reporters.JUnitReportReporter -->
<testsuite skipped="0" hostname="vicky-PC" name="homeAssignment.PhantosJS" tests="1" failures="0" timestamp="2020-04-28T12:17:47 IST" time="15.255" errors="0">
  <testcase name="validateURL" time="15.255" classname="homeAssignment.PhantosJS"/>
  <system-out/>
</testsuite> <!-- homeAssignment.PhantosJS -->
