<?xml version="1.0" encoding="UTF-8"?>
<!-- Generated by org.testng.reporters.JUnitReportReporter -->
<testsuite skipped="0" hostname="vicky-PC" name="homeAssignment.Frame" tests="1" failures="0" timestamp="2020-04-24T15:44:11 IST" time="13.945" errors="0">
  <testcase name="frameTest" time="13.945" classname="homeAssignment.Frame"/>
  <system-out/>
</testsuite> <!-- homeAssignment.Frame -->
