<?xml version="1.0" encoding="UTF-8"?>
<!-- Generated by org.testng.reporters.JUnitReportReporter -->
<testsuite skipped="0" hostname="vicky-PC" name="homeAssignment.OpenGooglePageOnDifferentBrowsers" tests="3" failures="0" timestamp="2020-04-23T12:14:16 IST" time="28.378" errors="0">
  <testcase name="useChromeBrowser" time="11.561" classname="homeAssignment.OpenGooglePageOnDifferentBrowsers"/>
  <system-out/>
  <testcase name="useFireFoxBrowser" time="11.143" classname="homeAssignment.OpenGooglePageOnDifferentBrowsers"/>
  <system-out/>
  <testcase name="useIEBrowser" time="5.674" classname="homeAssignment.OpenGooglePageOnDifferentBrowsers"/>
  <system-out/>
</testsuite> <!-- homeAssignment.OpenGooglePageOnDifferentBrowsers -->
