<?xml version="1.0" encoding="UTF-8"?>
<!-- Generated by org.testng.reporters.JUnitReportReporter -->
<testsuite skipped="0" hostname="vicky-PC" name="homeAssignment.FindElementsFindElements" tests="2" failures="0" timestamp="2020-04-21T13:22:22 IST" time="35.950" errors="0">
  <testcase name="findElementMethod" time="10.996" classname="homeAssignment.FindElementsFindElements"/>
  <system-out/>
  <testcase name="eindElementsMethod" time="24.954" classname="homeAssignment.FindElementsFindElements"/>
  <system-out/>
</testsuite> <!-- homeAssignment.FindElementsFindElements -->
