<?xml version="1.0" encoding="UTF-8"?>
<!-- Generated by org.testng.reporters.JUnitReportReporter -->
<testsuite skipped="0" hostname="vicky-PC" name="homeAssignment.DragDemo" tests="1" failures="0" timestamp="2020-05-21T19:47:55 IST" time="57.170" errors="0">
  <testcase name="dragExample" time="57.170" classname="homeAssignment.DragDemo"/>
  <system-out/>
</testsuite> <!-- homeAssignment.DragDemo -->
