<?xml version="1.0" encoding="UTF-8"?>
<!-- Generated by org.testng.reporters.JUnitReportReporter -->
<testsuite skipped="0" hostname="vicky-PC" name="homeAssignment.AjaxExample" tests="1" failures="0" timestamp="2020-05-04T14:19:34 IST" time="24.291" errors="0">
  <testcase name="ajaxCallExample" time="24.291" classname="homeAssignment.AjaxExample"/>
  <system-out/>
</testsuite> <!-- homeAssignment.AjaxExample -->
