<?xml version="1.0" encoding="UTF-8"?>
<!-- Generated by org.testng.reporters.JUnitReportReporter -->
<testsuite skipped="0" hostname="vicky-PC" name="homeAssignment.Cookie" tests="1" failures="0" timestamp="2020-05-08T17:28:16 IST" time="17.635" errors="0">
  <testcase name="storedcookieTest" time="17.635" classname="homeAssignment.Cookie"/>
  <system-out/>
</testsuite> <!-- homeAssignment.Cookie -->
