<?xml version="1.0" encoding="UTF-8"?>
<!-- Generated by org.testng.reporters.JUnitReportReporter -->
<testsuite skipped="0" hostname="vicky-PC" name="homeAssignment.CaptchaScreenShot" tests="1" failures="0" timestamp="2020-04-28T10:23:01 IST" time="25.664" errors="0">
  <testcase name="screenShotTest" time="25.664" classname="homeAssignment.CaptchaScreenShot"/>
  <system-out/>
</testsuite> <!-- homeAssignment.CaptchaScreenShot -->
