<?xml version="1.0" encoding="UTF-8"?>
<!-- Generated by org.testng.reporters.JUnitReportReporter -->
<testsuite skipped="0" hostname="vicky-PC" name="homeAssignment.WindowHandels" tests="1" failures="0" timestamp="2020-04-28T10:30:41 IST" time="26.693" errors="0">
  <testcase name="screenShotTest" time="26.693" classname="homeAssignment.WindowHandels"/>
  <system-out/>
</testsuite> <!-- homeAssignment.WindowHandels -->
