<?xml version="1.0" encoding="UTF-8"?>
<!-- Generated by org.testng.reporters.JUnitReportReporter -->
<testsuite skipped="0" hostname="vicky-PC" name="homeAssignment.BrowserMethods" tests="1" failures="0" timestamp="2020-05-05T09:20:31 IST" time="46.013" errors="0">
  <testcase name="methodOnBrowser" time="46.013" classname="homeAssignment.BrowserMethods"/>
  <system-out/>
</testsuite> <!-- homeAssignment.BrowserMethods -->
