<?xml version="1.0" encoding="UTF-8"?>
<!-- Generated by org.testng.reporters.JUnitReportReporter -->
<testsuite skipped="0" hostname="vicky-PC" name="homeAssignment.DragChangePosition" tests="1" failures="0" timestamp="2020-05-21T20:02:40 IST" time="21.634" errors="0">
  <testcase name="dragPositionChange" time="21.634" classname="homeAssignment.DragChangePosition"/>
  <system-out/>
</testsuite> <!-- homeAssignment.DragChangePosition -->
