<?xml version="1.0" encoding="UTF-8"?>
<!-- Generated by org.testng.reporters.JUnitReportReporter -->
<testsuite skipped="0" hostname="vicky-PC" name="homeAssignment.AutoITExample" tests="1" failures="0" timestamp="2020-05-12T13:06:01 IST" time="13.026" errors="0">
  <testcase name="autoITTest" time="13.026" classname="homeAssignment.AutoITExample"/>
  <system-out/>
</testsuite> <!-- homeAssignment.AutoITExample -->
