<?xml version="1.0" encoding="UTF-8"?>
<!-- Generated by org.testng.reporters.JUnitReportReporter -->
<testsuite skipped="0" hostname="vicky-PC" name="homeAssignment.GmailSend" tests="1" failures="0" timestamp="2020-05-11T12:27:43 IST" time="105.682" errors="0">
  <testcase name="gmail" time="105.682" classname="homeAssignment.GmailSend"/>
  <system-out/>
</testsuite> <!-- homeAssignment.GmailSend -->
