<?xml version="1.0" encoding="UTF-8"?>
<!-- Generated by org.testng.reporters.JUnitReportReporter -->
<testsuite skipped="0" hostname="vicky-PC" name="homeAssignment.FaceBookLoginTest" tests="2" failures="0" timestamp="2020-05-05T09:21:21 IST" time="43.222" errors="0">
  <testcase name="validateURL" time="21.468" classname="homeAssignment.FaceBookLoginTest"/>
  <system-out/>
  <testcase name="validateText" time="21.754" classname="homeAssignment.FaceBookLoginTest"/>
  <system-out/>
</testsuite> <!-- homeAssignment.FaceBookLoginTest -->
