<?xml version="1.0" encoding="UTF-8"?>
<!-- Generated by org.testng.reporters.JUnitReportReporter -->
<testsuite skipped="0" hostname="vicky-PC" name="homeAssignment.DatePickerExample" tests="1" failures="0" timestamp="2020-05-11T10:26:08 IST" time="10.020" errors="0">
  <testcase name="datePickerExample" time="10.020" classname="homeAssignment.DatePickerExample"/>
  <system-out/>
</testsuite> <!-- homeAssignment.DatePickerExample -->
