<?xml version="1.0" encoding="UTF-8"?>
<!-- Generated by org.testng.reporters.JUnitReportReporter -->
<testsuite skipped="0" hostname="vicky-PC" name="homeAssignment.BrowserNevigationMethods" tests="1" failures="0" timestamp="2020-04-29T11:15:12 IST" time="43.972" errors="0">
  <testcase name="nevigationMethods" time="43.972" classname="homeAssignment.BrowserNevigationMethods"/>
  <system-out/>
</testsuite> <!-- homeAssignment.BrowserNevigationMethods -->
