<?xml version="1.0" encoding="UTF-8"?>
<!-- Generated by org.testng.reporters.JUnitReportReporter -->
<testsuite skipped="0" hostname="vicky-PC" name="homeAssignment.ClickOnImage" tests="1" failures="0" timestamp="2020-05-07T09:52:22 IST" time="23.979" errors="0">
  <testcase name="clickOnImage" time="23.979" classname="homeAssignment.ClickOnImage"/>
  <system-out/>
</testsuite> <!-- homeAssignment.ClickOnImage -->
