<?xml version="1.0" encoding="UTF-8"?>
<!-- Generated by org.testng.reporters.JUnitReportReporter -->
<testsuite skipped="0" hostname="vicky-PC" name="homeAssignment.DynamicTable" tests="1" failures="0" timestamp="2020-05-04T13:51:50 IST" time="24.224" errors="0">
  <testcase name="dynamicTable" time="24.224" classname="homeAssignment.DynamicTable"/>
  <system-out/>
</testsuite> <!-- homeAssignment.DynamicTable -->
