<?xml version="1.0" encoding="UTF-8"?>
<!-- Generated by org.testng.reporters.JUnitReportReporter -->
<testsuite skipped="0" hostname="vicky-PC" name="homeAssignment.ScreenShot" tests="1" failures="0" timestamp="2020-04-24T11:41:45 IST" time="14.066" errors="0">
  <testcase name="screenShotTest" time="14.066" classname="homeAssignment.ScreenShot"/>
  <system-out/>
</testsuite> <!-- homeAssignment.ScreenShot -->
