<?xml version="1.0" encoding="UTF-8"?>
<!-- Generated by org.testng.reporters.JUnitReportReporter -->
<testsuite skipped="0" hostname="vicky-PC" name="homeAssignment.KeyboardEvents" tests="1" failures="0" timestamp="2020-05-19T11:49:30 IST" time="13.406" errors="0">
  <testcase name="keyboardEvents" time="13.406" classname="homeAssignment.KeyboardEvents"/>
  <system-out/>
</testsuite> <!-- homeAssignment.KeyboardEvents -->
