<?xml version="1.0" encoding="UTF-8"?>
<!-- Generated by org.testng.reporters.JUnitReportReporter -->
<testsuite skipped="0" hostname="vicky-PC" name="homeAssignment.GoogleSearch" tests="1" failures="0" timestamp="2020-05-18T18:55:25 IST" time="44.778" errors="0">
  <testcase name="googleSearch" time="44.778" classname="homeAssignment.GoogleSearch"/>
  <system-out/>
</testsuite> <!-- homeAssignment.GoogleSearch -->
