<?xml version="1.0" encoding="UTF-8"?>
<!-- Generated by org.testng.reporters.JUnitReportReporter -->
<testsuite skipped="0" hostname="vicky-PC" name="homeAssignment.AsserVerifyExample" tests="2" failures="0" timestamp="2020-04-24T09:25:56 IST" time="32.121" errors="0">
  <testcase name="assertConditionTest" time="24.125" classname="homeAssignment.AsserVerifyExample"/>
  <system-out/>
  <testcase name="verifyConditionTest" time="7.996" classname="homeAssignment.AsserVerifyExample"/>
  <system-out/>
</testsuite> <!-- homeAssignment.AsserVerifyExample -->
