<?xml version="1.0" encoding="UTF-8"?>
<!-- Generated by org.testng.reporters.JUnitReportReporter -->
<testsuite skipped="0" hostname="vicky-PC" name="homeAssignment.VerificationPoints" tests="1" failures="0" timestamp="2020-04-21T13:54:50 IST" time="19.784" errors="0">
  <testcase name="verificationPoints" time="19.784" classname="homeAssignment.VerificationPoints"/>
  <system-out/>
</testsuite> <!-- homeAssignment.VerificationPoints -->
