<?xml version="1.0" encoding="UTF-8"?>
<!-- Generated by org.testng.reporters.JUnitReportReporter -->
<testsuite skipped="0" hostname="vicky-PC" name="properties.TestCaseGetData" tests="1" failures="0" timestamp="2020-05-05T09:21:42 IST" time="0.011" errors="0">
  <testcase name="getPropertyTest" time="0.011" classname="properties.TestCaseGetData"/>
  <system-out/>
</testsuite> <!-- properties.TestCaseGetData -->
