<?xml version="1.0" encoding="UTF-8"?>
<!-- Generated by org.testng.reporters.JUnitReportReporter -->
<testsuite skipped="0" hostname="vicky-PC" name="homeAssignment.WebElementsExample" tests="1" failures="0" timestamp="2020-04-29T16:13:54 IST" time="27.424" errors="0">
  <testcase name="pageUpAndDown" time="27.424" classname="homeAssignment.WebElementsExample"/>
  <system-out/>
</testsuite> <!-- homeAssignment.WebElementsExample -->
