<?xml version="1.0" encoding="UTF-8"?>
<!-- Generated by org.testng.reporters.JUnitReportReporter -->
<testsuite skipped="0" hostname="vicky-PC" name="homeAssignment.RefreshPage" tests="1" failures="0" timestamp="2020-04-23T12:32:05 IST" time="19.199" errors="0">
  <testcase name="pageRefreshMethods" time="19.199" classname="homeAssignment.RefreshPage"/>
  <system-out/>
</testsuite> <!-- homeAssignment.RefreshPage -->
