<?xml version="1.0" encoding="UTF-8"?>
<!-- Generated by org.testng.reporters.JUnitReportReporter -->
<testsuite skipped="0" hostname="vicky-PC" name="homeAssignment.WebForm" tests="1" failures="0" timestamp="2020-05-22T12:54:42 IST" time="25.468" errors="0">
  <testcase name="formDemo" time="25.468" classname="homeAssignment.WebForm"/>
  <system-out/>
</testsuite> <!-- homeAssignment.WebForm -->
